\BOOKMARK [1][-]{section.1}{Introduction and Description of Work}{}% 1
\BOOKMARK [1][-]{section.2}{Starting point}{}% 2
\BOOKMARK [1][-]{section.3}{Project structure}{}% 3
\BOOKMARK [2][-]{subsection.3.1}{Possible extensions}{section.3}% 4
\BOOKMARK [1][-]{section.4}{Success Criteria}{}% 5
\BOOKMARK [2][-]{subsection.4.1}{Evaluation}{section.4}% 6
\BOOKMARK [1][-]{section.5}{Resources Required}{}% 7
\BOOKMARK [2][-]{subsection.5.1}{Tools}{section.5}% 8
\BOOKMARK [1][-]{section.6}{Timetable and Milestones}{}% 9
\BOOKMARK [2][-]{subsection.6.1}{23/10/15 - 5/11/15}{section.6}% 10
\BOOKMARK [2][-]{subsection.6.2}{6/11/15 - 19/11/15}{section.6}% 11
\BOOKMARK [2][-]{subsection.6.3}{20/11/15 - 3/12/15}{section.6}% 12
\BOOKMARK [2][-]{subsection.6.4}{4/12/15 - 17/12/15}{section.6}% 13
\BOOKMARK [2][-]{subsection.6.5}{18/12/15 - 31/12/15}{section.6}% 14
\BOOKMARK [2][-]{subsection.6.6}{1/1/16 - 14/1/16}{section.6}% 15
\BOOKMARK [2][-]{subsection.6.7}{15/1/16 - 28/1/16}{section.6}% 16
\BOOKMARK [2][-]{subsection.6.8}{29/1/16 - 11/2/16}{section.6}% 17
\BOOKMARK [2][-]{subsection.6.9}{12/2/16 - 25/2/16}{section.6}% 18
\BOOKMARK [2][-]{subsection.6.10}{26/2/16 - 10/3/16}{section.6}% 19
\BOOKMARK [2][-]{subsection.6.11}{11/3/16 - 24/3/16}{section.6}% 20
\BOOKMARK [2][-]{subsection.6.12}{25/3/16 - 7/4/16}{section.6}% 21
\BOOKMARK [2][-]{subsection.6.13}{8/4/16 - 21/4/16}{section.6}% 22
\BOOKMARK [2][-]{subsection.6.14}{22/4/16 - 5/5/16}{section.6}% 23
\BOOKMARK [2][-]{subsection.6.15}{6/5/16 - 13/5/16}{section.6}% 24
\BOOKMARK [1][-]{section.7}{Bibliography}{}% 25
